- Tom Hanks
1
- The Green Mile
- Cast Away
- Road to Perdition
- Catch Me If You Can
- Concert for George
- The Ladykillers
- The Terminal
- The Polar Express
- Elvis Has Left the Building
- The Da Vinci Code
- Charlie Wilson's War
- The Pixar Story
- The Great Buck Howard
- Angels & Demons
- Prohibition
- Larry Crowne
- Extremely Loud and Incredibly Close
- Cloud Atlas
- Captain Phillips
- Saving Mr. Banks
- Ithaca
- Bridge of Spies
- A Hologram for the King
- Inferno
- Sully
- Defying the Nazis: The Sharps' War
- California Typewriter
- The Circle
- The Post
- Greyhound
- A Beautiful Day in the Neighborhood
- News of the World
- Borat Subsequent Moviefilm
- Finch
- Elvis
- Pinocchio
- A Man Called Otto
- Asteroid City
- Here
39
Time to crawl: 0.16075s
- Tom Hanks
1
- The Green Mile
- Cast Away
- Road to Perdition
- Catch Me If You Can
- Concert for George
- The Ladykillers
- The Terminal
- The Polar Express
- Elvis Has Left the Building
- The Da Vinci Code
- Charlie Wilson's War
- The Pixar Story
- The Great Buck Howard
- Angels & Demons
- Prohibition
- Larry Crowne
- Extremely Loud and Incredibly Close
- Cloud Atlas
- Captain Phillips
- Saving Mr. Banks
- Ithaca
- Bridge of Spies
- A Hologram for the King
- Inferno
- Sully
- Defying the Nazis: The Sharps' War
- California Typewriter
- The Circle
- The Post
- Greyhound
- A Beautiful Day in the Neighborhood
- News of the World
- Borat Subsequent Moviefilm
- Finch
- Elvis
- Pinocchio
- A Man Called Otto
- Asteroid City
- Here
39
- Wendy Makkena
- Chris Cooper
- Matthew Rhys
- Maddie Corman
- Enrico Colantoni
- Tammy Blanchard
- Sakina Jaffrey
- Maryann Plunkett
- Susan Kelechi Watson
- Giuseppe Battiston
- Joseph Gordon-Levitt
- Lorraine Bracco
- Luke Evans
- Keegan-Michael Key
- Cynthia Erivo
- Sheila Atim
- Lewin Lloyd
- Benjamin Evan Ainsworth
- Kyanne Lamaya
- P. J. Byrne
- Joseph Sikora
- Ned Beatty
- Julia Roberts
- Om Puri
- Rachel Nichols
- Shaun Toub
- Philip Seymour Hoffman
- Brian Markinson
- Emily Blunt
- Shiri Appleby
- Jud Tylor
- Pavel Lychnikoff
- Faran Tahir
- John Slattery
- Mozhan Marnò
- Aharon Ipalé
- Spencer Garrett
- Amy Adams
- Kurt Yaeger
- Patrika Darbo
- Christopher Denham
- Anthony Azizi
- Denis O'Hare
- Erick Avari
- Ken Stott
- Navid Negahban
- Peter Gerety
- Nazanin Boniadi
- Cyia Batten
- Kevin Cooney
- Jud Taylor
- Mary Bonner Baker
- Wynn Everett
- Michael Spellman
- Sammy Sheik
- Tracy Phillips
- Melanie Griffith
- Sam Shepard
- Hamish Linklater
- Jack Quaid
- Gabriel Basso
- Alex Neustaedter
- Meg Ryan
- Bryan Cranston
- Nia Vardalos
- Dale Dye
- George Takei
- Maria Canals-Barrera
- Pam Grier
- Rita Wilson
- Taraji P. Henson
- Holmes Osborne
- Wilmer Valderrama
- Rami Malek
- Cedric the Entertainer
- Sarah Lévy
- Jon Seda
- Rob Riggle
- Gugu Mbatha-Raw
- Malcolm Barrett
- Grace Gummer
- Sy Richardson
- Tina Huang
- Roxana Ortega
- Ryan Hurst
- Jeremy Suarez
- Robert Baker
- Aldis Hodge
- Irma P. Hall
- George Wallace
- Jason Weaver
- John McConnell
- Freda Foh Shen
- J. K. Simmons
- Blake Clark
- Greg Grunberg
- Bruce Campbell
- Marlon Wayans
- Diane Delano
- Stephen Root
- Tzi Ma
- William Sadler
- Gary Sinise
- Patricia Clarkson
- Bonnie Hunt
- David Morse
- James Cromwell
- Graham Greene
- Harry Dean Stanton
- Paula Malcomson
- Jeffrey DeMunn
- Eve Brent
- Michael Clarke Duncan
- Doug Hutchison
- Scotty Leavenworth
- Dabbs Greer
- Bill McKinney
- Brent Briscoe
- Barry Pepper
- Sam Rockwell
- Michael Jeter
- Elizabeth Marvel
- Mare Winningham
- Ray McKinnon
- Bill Camp
- Chuk Iwuji
- Neil Sandilands
- Gabriel Ebert
- Thomas Francis Murphy
- Truman Hanks
- Helena Zengel
- Tom Astor
- Michael Angelo Covino
- Winsome Brown
- Fred Hechinger
- Jeffrey Ware
- Chris Bylsma
- Brenden Wedner
- Mike Birbiglia
- Juanita Jennings
- Peter Lawson Jones
- Mariana Treviño
- Rachel Keller
- Manuel Garcia-Rulfo
- Cameron Britton
- John Higgins
- Walt Disney
- Steve Jobs
- George Lucas
- Edwin Catmull
- Billy Crystal
- Tim Allen
- John Lasseter
- Brad Bird
- Stacy Keach
- Randy Newman
- Andrew Stanton
- Pete Docter
- Roy E. Disney
- Lee Unkrich
- Ollie Johnston
- Joe Ranft
- Michael Eisner
- Leonard Maltin
- John Musker
- Ron Clements
- Frank Thomas
- Don Hahn
- Dennis Muren
- Darla K. Anderson
- Alvy Ray Smith
- Peter Schneider
- Sandra Bullock
- Max von Sydow
- John Goodman
- Viola Davis
- James Gandolfini
- Chris Hardwick
- Jeffrey Wright
- Thomas Horn
- Jim Norton
- Zoe Caldwell
- Stephen McKinley Henderson
- Stephen Henderson
- Adrian Martinez
- Madison Arnold
- Catherine Curtin
- Mel Rodriguez
- Catherine Zeta-Jones
- Benny Golson
- Zoe Saldaña
- Stanley Tucci
- Diego Luna
- Chi McBride
- Michael Nouri
- Jude Ciccolella
- Barry Shabaka Henley
- Mark Ivanir
- Corey Reynolds
- Guillermo Díaz
- Kumar Pallana
- Eddie Jones
- Kenneth Choi
- Scott Adsit
- Cas Anvar
- Michael Kranz
- Michael Schenk
- Petra Marie Cammin
- Peter McRobbie
- Joe Forbrich
- Victor Schefé
- Mikhail Gorevoy
- Eve Hewson
- Ashlie Atkinson
- Austin Stowell
- Brian Hutchison
- Stephen Kunken
- DJ Lubel
- Kai Meyer
- Rafael Gareisen
- Maik Rogge
- Steven Boyer
- Scott Shepherd
- Rainer Reiners
- Noah Schnapp
- Will Rogers
- Sebastian Koch
- Burghart Klaußner
- Joachim Paul Assböck
- Amy Ryan
- Alan Alda
- Mark Rylance
- Michael Gaston
- Joshua Harto
- Domenick Lombardozzi
- Billy Magnussen
- Jesse Plemons
- Dakin Matthews
- Nadja Bobyleva
- Tim Morten Uhlenbrock
- Frederic Heidorn
- Nina Gummich
- Greta Galisch de Palma
- Ivan Shvedoff
- James Lorinz
- Merab Ninidze
- Mark Zak
- Max Kidd
- Maximilian Mauff
- Helen Hunt
- Nick Searcy
- Chris Noth
- Nan Martin
- Jenifer Lewis
- Elden Henson
- Christopher Kriesa
- Geoffrey Blake
- Timothy Stack
- Valerie Wildman
- Jay Acovone
- David Allen Brooks
- Paul Sanchez
- Mike Pence
- Sacha Baron Cohen
- Rudy Giuliani
- Maria Bakalova
- Judith Dim Evans
- Marianne Sägebrecht
- Anatole Taubman
- Antoine Monot Jr.
- Sven Schelker
- Matthias Hungerbühler
- Emma Watson
- Bill Paxton
- Karen Gillan
- Patton Oswalt
- Ellen Wong
- Smith Cho
- Glenne Headly
- Nick Valensi
- John Boyega
- Jimmy Wong
- Poorna Jagannathan
- Nate Corddry
- Ellar Coltrane
- Paul Kynman
- Sam Marra
- Ara Hollyday
- Kenneth Bate
- Sandy Hamilton
- Roberto Moreno De Matias
- Francisco Serrano
- Jacinto Domingo Torija
- Alvaro Olivas Marques
- Yann Tremblay
- Sébastien Fouassier
- Carlos Arimón
- Antonio Graziano
- Nuria Gigorro
- Raquel Jiménez Martínez
- Jorge Francisco Mena Garcia
- Ana Isabel Comendador Martínez
- Carlos Saez
- Karine Niederman
- Jesús Olivas Santos
- José Luis Figueroa
- Pascale Coppola
- Milagros Ahijon
- Paula Domingo
- Crístian García Jiménez
- Robert Tattam
- Eusebio Mateo Díaz
- Valérie Sadoun
- Erica Dorn
- Julia Kruger
- Anisse Elias
- Rebecca Cornford
- Avery Looser
- Guy Trevellyan
- Honor Northridge
- Eliel Ford
- Caris Yeoman
- Yann Pozzoli
- Sonia Gascón
- Marian Huélamo
- Timothy Cordukes
- Marta Rubio
- Susana Hornos
- Alicia San Lorenzo
- Palmira Ferrer
- Jose Antonio Turiégano Carrasco
- Pilar Ramírez Escalona
- Virginia Romano Álvarez
- Milagros Reyeros Ruiz
- Jonatan Buitrago Díaz
- Ricardo Mohedas Tiñana
- Carlos Arroyo
- Ismael González Carrasco
- Celedonio Guijarro Cano
- Juan Abad Molina
- Jose Segovia Ortiz
- Enrique Ruiz Granado
- Juan Carlos Iglesias Gómez
- Óscar Mínguez García Patrón
- David Navarro Romero
- Javier Gigorro De Las Peñas
- Alejandro García Aparicio
- Diego Maldonado Davila
- David Rodríguez Moreno
- Mario Perez Lomas
- Alejandro Urbina Escalona
- David Verdejo Escribano
- Adrián Corpa Fernández
- Jesús Jiménez Caler
- Francisco Corrales Rubio
- Sergio Martinez Martinez
- Félix Israel Pinilla De La Guia
- Mario Turiégano Delgado
- Pedro Padilla Perez
- Matthew Frasure
- Chris Faris
- Erika Godwin
- Sara Greisberg
- Manuela Martinez Zafra
- Scarlett Johansson
- Adrien Brody
- Jeff Goldblum
- Edward Norton
- Willem Dafoe
- Matt Dillon
- Tilda Swinton
- Steve Carell
- Hope Davis
- Aimee Mullins
- Liev Schreiber
- Jason Schwartzman
- Rupert Friend
- Jarvis Cocker
- Fisher Stevens
- Bob Balaban
- Seu Jorge
- Margot Robbie
- Jean-Yves Lozac'h
- Rodolphe Pauly
- Deanna Dunagan
- Iván López
- Steve Park
- Jay Lau
- Marcos Pereiro
- Tony Revolori
- Stéphane Bak
- Carmen Méndez
- Junior Harris
- Guillermo Garcia
- Ainhoa Aldanondo
- Tom Hudson
- Ethan Josh Lee
- Damien Bonnard
- Randall Poster
- Hong Chau
- Sophia Lillis
- Francisco Javier Gomez
- Maya Hawke
- Christian Bate
- Jake Ryan
- Pablo Amorós
- Elvira Arce
- Nicolas Avinée
- Matilda Clarke
- Patricia Colin
- Dominique Fouassier
- Mohamed Belhadjine
- Elena Uriz
- Grace Edwards
- Henry Rhoades
- Aristou Meehan
- Ella Faris
- Gracie Faris
- Willan Faris
- Vandi Clark
- Pedro Placer
- Aaron Ziobrowski
- Celia Bermejo
- Zoe Bernard
- Brayden Frasure
- Preston Mota
- Kyleigh Fuller
- Jack Eyman
- Sebastian Stephens
- Willa Skye
- Annalise Mackulin
- Calhoun Metcalf
- Pere Mallén
- Ramón Ródenas
- Katy Heffernan Smith
- Colin Hanks
- Tom Arnold
- David Blaine
- Regis Philbin
- Casey Wilson
- Griffin Dunne
- Conan O'Brien
- Steve Zahn
- Michael Winslow
- Patrick Fischler
- Wallace Langham
- Kelly Ripa
- David Anthony Higgins
- Don Most
- Nate Hartley
- Ricky Jay
- Kimberly Scott
- Sandy Martin
- Mary Hart
- Norm O'Neill
- Stacey Travis
- Max Williams
- Paul Simon
- John Malkovich
- Adam Scott
- Jon Stewart
- Jay Leno
- Martha Stewart
- Debra Monk
- Gary Coleman
- Matthew Gray Gubler
- Shaun Lawton
- Robert Fyfe
- Alistair Petrie
- Amanda Walker
- Zhu Zhu
- Mya-Lecia Naylor
- Nikko Weidemann
- Victor Solé
- Rose Wakesho
- David Mitchell
- Hugo Weaving
- Götz Otto
- Martin Wuttke
- Marie Rönnebeck
- Susan Sarandon
- Hugh Grant
- Jim Broadbent
- Zhou Xun
- Bae Doona
- Ben Whishaw
- Keith David
- Jim Sturgess
- James D'Arcy
- Halle Berry
- Daniele Rizzo
- David Gyasi
- Heike Hanold-Lynch
- Katy Karrenbauer
- Laura Vietzen
- Thomas Kügel
- Nona Gaye
- Charles Fleischer
- Eddie Deezen
- Peter Scolari
- Leslie Zemeckis
- Steven Tyler
- Josh Hutcherson
- Lewis Rainer
- Atheer Adel
- Tracey Fairaway
- David Menkin
- Jay Abdo
- Tom Skerritt
- Alex Black
- Sidse Babett Knudsen
- Sarita Choudhury
- Rolf Saxon
- Michael Baral
- Michael Ihnow
- Dhafer L'Abidine
- Jeff Burrell
- Daniel Craig
- Paul Newman
- Jude Law
- Liam Aiken
- Jennifer Jason Leigh
- Anthony LaPaglia
- Ciarán Hinds
- Tyler Hoechlin
- Harry Groener
- Dylan Baker
- Kevin Chamberlin
- Christian Stolte
- James Greene
- JoBe Cerny
- Kerry Rossall
- David Darlow
- Caleb Landry Jones
- Meryl Streep
- Neal Huff
- Alison Brie
- Sarah Paulson
- Stark Sands
- Bruce Greenwood
- Bradley Whitford
- David Cross
- Michael Stuhlbarg
- Deirdre Lovejoy
- Jennifer Dundas
- Cotter Smith
- Bob Odenkirk
- Tracy Letts
- David Aaron Baker
- Dan Bucatinsky
- Philip Casnoff
- Kenneth Tigar
- Will Denton
- David Costabile
- Carolyn McCormick
- Pat Healy
- James Riordan
- Jessie Mueller
- Kelly AuCoin
- Richard Holmes
- Susan Blackwell
- Zach Woods
- Annika Boras
- Carrie Coon
- Armand Schultz
- Michael Cyril Creighton
- Gary Wilmes
- Justin Swain
- John Rue
- Brent Langdon
- Christopher Innvar
- Tom Bair
- Ben Foster
- Lubna Azabal
- Robin Wright
- Thomas Morris
- Norbert Weisser
- Armin Mueller-Stahl
- Ewan McGregor
- Stellan Skarsgård
- Ayelet Zurer
- Alfred Molina
- Cosimo Fusco
- Nikolaj Lie Kaas
- Thure Lindhardt
- Pierfrancesco Favino
- Ben Bela Böhm
- Elya Baskin
- Steven Franken
- Kristof Konrad
- Rance Howard
- Gino Conforti
- Anna Katarina
- Emanuele Secci
- Victor Alfieri
- Slim Khezri
- Jimmy Clabots
- Vincent De Paul
- August Wittgenstein
- Curt Lowens
- Carmen Argenziano
- Catherine Keener
- Corey Johnson
- Chris Mulkey
- Max Martini
- David Warshofsky
- Angus MacInnes
- John Magaro
- Louis Mahoney
- Maria Dizzia
- Omar Berdouni
- Riann Steele
- Yul Vazquez
- Barkhad Abdi
- Faysal Ahmed
- Michael Chernus
- Vincenzo Nicoli
- Mark Holden
- Kim Basinger
- John Corbett
- Sean Astin
- Denise Richards
- Billy Ray Cyrus
- Angie Dickinson
- Annie Potts
- Pat Morita
- Phill Lewis
- David Leisure
- Richard Kind
- Wayne Newton
- Kevin Levrone
- Mike Starr
- Joel Zwick
- Madison McReynolds
- Philip Charles MacKenzie
- Megan Hollingshead
- Gil McKinney
- Jocelyn Towne
- Jenny Gabrielle
- William Sterchi
- Ivan Brutsche
- Arron Shiver
- David House
- Vic Browder
- J.D. Garfield
- Albert Fry, Jr.
- Marya Beauvais
- Catherine Haun
- Robyn Reede
- Jeff Fahey
- Mirjam Novak
- Felicity Jones
- Omar Sy
- Irrfan Khan
- Vincent Riotta
- Attila Árpa
- Lili Gesler
- Xavier Laurent
- Fausto Maria Sciarappa
- Francesca Inaudi
- Vincenzo Tanassi
- Mehmet Ergen
- Paul Ritter
- Philip Arditti
- Gábor Nagypál
- Fortunato Cerlino
- Ana Ularu
- Björn Freiberg
- Bálint Adorjáni
- Peter Linka
- Simone Mariani
- Maria Grazia Mandruzzato
- Sardar Tagirovsky
- Ida Darvish
- Alessandro Fabrizi
- Mario Acampa
- Robin Mugnaini
- Sean Connery
- Leonardo DiCaprio
- Nathalie Baye
- Frank Abagnale
- Amy Acker
- Jennifer Garner
- Martin Sheen
- Christopher Walken
- Ellen Pompeo
- Elizabeth Banks
- Honor Blackman
- Sarah Lancaster
- Jessica Collins
- Jaime Ray Newman
- James Brolin
- Kitty Carlisle
- Lilyan Chauvin
- James Morrison
- Beverly Lynne
- Jasmine Jessica Anthony
- Brian Howe
- Q708059
- Jeremy Howard
- Jesse Heiman
- Gerald R. Molen
- Jimmie F. Skaggs
- John Finn
- Kaitlin Doubleday
- Robert Curtis Brown
- Alex Hyde-White
- Kam Heskin
- Guy Thauvette
- Joe Garagiola Sr.
- Roger Léger
- Steve Eastin
- Nancy Lenehan
- Alfred Dennis
- Brian Goodman
- Candice Azzara
- Margaret Travolta
- Robert Symonds
- Thomas Kopache
- Dave Hager
- Malachi Throne
- Nick Zano
- Stephen Dunham
- Frank John Hughes
- Nicholas Bell
- Terepai Richmond
- Olivia DeJonge
- Dacre Montgomery
- Kate Mulvany
- Christopher Sommers
- Josh McConville
- Natasha Bassett
- Kelvin Harrison Jr.
- Mark Leonard Winter
- Yola
- Alton Mason
- Helen Thomson
- Christian McCarty
- Chaydon Jay
- Patrick Sheare
- Adam Dunn
- Alex Radu
- Mike Bingaman
- David Gannon
- Tony Nixon
- Gareth Davies
- Shonka Dukureh
- David Wenham
- Xavier Samuel
- Richard Roxburgh
- Austin Butler
- Kodi Smit-McPhee
- Gary Clark Jr.
- Luke Bracey
- Leon Ford
- Thomas Kretschmann
- Elisabeth Shue
- Stephen Graham
- Grayson Russell
- Dominic Keating
- Ian James Corlett
- Dave Davis
- Michael Benz
- Tom Brittney
- Devin Druid
- Josh Wiggins
- Karl Glusman
- Chet Hanks
- Rob Morgan
- Maximilian Osinski
- Matt Helm
- Blythe Danner
- Josh Lucas
- Jeremy Irons
- Samuel L. Jackson
- Paul Giamatti
- Amy Madigan
- Frances Sternhagen
- Sam Waterston
- John Lithgow
- Adam Arkin
- Oliver Platt
- Peter Coyote
- Campbell Scott
- Philip Bosco
- Emma Thompson
- Colin Farrell
- Rachel Griffiths
- Kathy Baker
- Ruth Wilson
- B. J. Novak
- Melanie Paxson
- Ronan Vibert
- Victoria Summer
- Demetrius Grosse
- Kristopher Kyer
- Mia Serafino
- Annie Rose Buckley
- Tonio Descanvelle
- Jean Reno
- Jürgen Prochnow
- Ian McKellen
- Paul Bettany
- Jean-Yves Berteloot
- Étienne Chicot
- Audrey Tautou
- Jean-Pierre Marielle
- Hugh Mitchell
- Seth Gabel
- Marie-Françoise Audollent
- Denis Podalydès
- Agathe Natanson
- David Saracino
- Xavier de Guillebon
- Francesco Carnelutti
- David Bark-Jones
- Chris Bauer
- Aaron Eckhart
- David Letterman
- Laura Linney
- Katie Couric
- Autumn Reeser
- Valerie Mahaffey
- Anna Gunn
- Michael Rapaport
- Sam Huntington
- Molly Hagan
- Ann Cusack
- Mike O'Malley
- Jerry Ferrara
- Holt McCallany
- Max Adler
- Jamey Sheridan
- Jeffrey Nordling
- Jeff Kober
- Robert Pralgo
- Gary Weeks
- Wayne Bastrup
- Jeremy Luke
- Christopher Curry
- Molly Bernard
- Shane P. Allen
- Blake Jones
- Patch Darragh
- Pascal Yen-Pfister
- Paul McCartney
- Eric Clapton
- Olivia Harrison
848
Time to crawl: 0.656475s
- Pedro Placer
1
- Asteroid City
1
Time to crawl: 0.1601s
- Willa Skye
1
- Asteroid City
1
- Paul Kynman
- Sam Marra
- Ara Hollyday
- Kenneth Bate
- Sandy Hamilton
- Roberto Moreno De Matias
- Francisco Serrano
- Jacinto Domingo Torija
- Alvaro Olivas Marques
- Yann Tremblay
- Sébastien Fouassier
- Carlos Arimón
- Antonio Graziano
- Nuria Gigorro
- Raquel Jiménez Martínez
- Jorge Francisco Mena Garcia
- Ana Isabel Comendador Martínez
- Carlos Saez
- Karine Niederman
- Jesús Olivas Santos
- José Luis Figueroa
- Pascale Coppola
- Milagros Ahijon
- Paula Domingo
- Crístian García Jiménez
- Robert Tattam
- Eusebio Mateo Díaz
- Valérie Sadoun
- Erica Dorn
- Julia Kruger
- Anisse Elias
- Rebecca Cornford
- Avery Looser
- Guy Trevellyan
- Honor Northridge
- Eliel Ford
- Caris Yeoman
- Yann Pozzoli
- Sonia Gascón
- Marian Huélamo
- Timothy Cordukes
- Marta Rubio
- Susana Hornos
- Alicia San Lorenzo
- Palmira Ferrer
- Jose Antonio Turiégano Carrasco
- Pilar Ramírez Escalona
- Virginia Romano Álvarez
- Milagros Reyeros Ruiz
- Jonatan Buitrago Díaz
- Ricardo Mohedas Tiñana
- Carlos Arroyo
- Ismael González Carrasco
- Celedonio Guijarro Cano
- Juan Abad Molina
- Jose Segovia Ortiz
- Enrique Ruiz Granado
- Juan Carlos Iglesias Gómez
- Óscar Mínguez García Patrón
- David Navarro Romero
- Javier Gigorro De Las Peñas
- Alejandro García Aparicio
- Diego Maldonado Davila
- David Rodríguez Moreno
- Mario Perez Lomas
- Alejandro Urbina Escalona
- David Verdejo Escribano
- Adrián Corpa Fernández
- Jesús Jiménez Caler
- Francisco Corrales Rubio
- Sergio Martinez Martinez
- Félix Israel Pinilla De La Guia
- Mario Turiégano Delgado
- Pedro Padilla Perez
- Matthew Frasure
- Chris Faris
- Erika Godwin
- Sara Greisberg
- Manuela Martinez Zafra
- Tom Hanks
- Bryan Cranston
- Scarlett Johansson
- Adrien Brody
- Jeff Goldblum
- Edward Norton
- Willem Dafoe
- Matt Dillon
- Tilda Swinton
- Steve Carell
- Rita Wilson
- Hope Davis
- Aimee Mullins
- Liev Schreiber
- Jason Schwartzman
- Rupert Friend
- Jeffrey Wright
- Jarvis Cocker
- Fisher Stevens
- Bob Balaban
- Seu Jorge
- Margot Robbie
- Jean-Yves Lozac'h
- Rodolphe Pauly
- Deanna Dunagan
- Iván López
- Steve Park
- Jay Lau
- Marcos Pereiro
- Tony Revolori
- Stéphane Bak
- Carmen Méndez
- Truman Hanks
- Junior Harris
- Guillermo Garcia
- Ainhoa Aldanondo
- Tom Hudson
- Ethan Josh Lee
- Damien Bonnard
- Randall Poster
- Hong Chau
- Sophia Lillis
- Francisco Javier Gomez
- Maya Hawke
- Christian Bate
- Jake Ryan
- Pablo Amorós
- Elvira Arce
- Nicolas Avinée
- Matilda Clarke
- Patricia Colin
- Dominique Fouassier
- Mohamed Belhadjine
- Elena Uriz
- Grace Edwards
- Henry Rhoades
- Aristou Meehan
- Ella Faris
- Gracie Faris
- Willan Faris
- Vandi Clark
- Pedro Placer
- Aaron Ziobrowski
- Celia Bermejo
- Zoe Bernard
- Brayden Frasure
- Preston Mota
- Kyleigh Fuller
- Jack Eyman
- Sebastian Stephens
- Annalise Mackulin
- Calhoun Metcalf
- Pere Mallén
- Ramón Ródenas
- Katy Heffernan Smith
154
- Lisa Picard is Famous
- Sam the Man
- The Tic Code
- Undisputed
- Anything Else
- Uptown Girls
- Factotum
- Undiscovered
- ...So Goes the Nation
- Awake
- Henry's Crime
- The Experiment
- Rio Sex Comedy
- LOL
- One for the Money
- The Grand Budapest Hotel
- United Passions
- Hail, Caesar!
- Motherless Brooklyn
- The French Dispatch
- Dunkirk
- Thirst Street
- Poor Things
- Three to Tango
- Best in Show
- The Mexican
- Ghost World
- Gosford Park
- The Majestic
- Plan B
- The Tuxedo
- A Mighty Wind
- Marie and Bruce
- Capote
- Lady in the Water
- Trust the Man
- For Your Consideration
- License to Wed
- Dedication
- No Reservations
- Rage
- Howl
- Thin Ice
- Moonrise Kingdom
- Fading Gigolo
- Monuments Men
- Mascots
- I Am the Pretty Thing That Lives in the House
- 80 for Brady
- The Green Mile
- Cast Away
- Road to Perdition
- Catch Me If You Can
- Concert for George
- The Ladykillers
- The Terminal
- The Polar Express
- Elvis Has Left the Building
- The Da Vinci Code
- Charlie Wilson's War
- The Pixar Story
- The Great Buck Howard
- Angels & Demons
- Prohibition
- Larry Crowne
- Extremely Loud and Incredibly Close
- Cloud Atlas
- Captain Phillips
- Saving Mr. Banks
- Ithaca
- Bridge of Spies
- A Hologram for the King
- Inferno
- Sully
- Defying the Nazis: The Sharps' War
- California Typewriter
- The Circle
- The Post
- Greyhound
- A Beautiful Day in the Neighborhood
- News of the World
- Borat Subsequent Moviefilm
- Finch
- Elvis
- Pinocchio
- A Man Called Otto
- Here
- Moro no Brasil
- The Life Aquatic with Steve Zissou
- The Escapist
- Pelé: Birth of a Legend
- Terror Tract
- Illusion
- Seeing Other People
- Little Miss Sunshine
- Intellectual Property
- Love Ranch
- The Lincoln Lawyer
- Detachment
- Contagion
- Drive
- Argo
- John Carter
- Total Recall
- Rock of Ages
- Red Tails
- Cold Comes the Night
- Godzilla
- Trumbo
- Get a Job
- In Dubious Battle
- The Infiltrator
- Why Him?
- Wakefield
- Power Rangers
- The Disaster Artist
- Last Flag Flying
- The Upside
- El Camino: A Breaking Bad Movie
- The One and Only Ivan
- Jerry and Marge Go Large
- Argylle
- Inherent Vice
- Downsizing
- Duck Butter
- American Woman
- Driveways
- Artemis Fowl
- The Whale
- Showing Up
- The Menu
- Kinds of Kindness
- The Instigators
- An American Rhapsody
- The Man Who Wasn't There
- Eight Legged Freaks
- Lost in Translation
- Girl with a Pearl Earring
- The Perfect Score
- A Love Song for Bobby Long
- In Good Company
- A Good Woman
- The Island
- Match Point
- The Prestige
- The Black Dahlia
- Scoop
- The Nanny Diaries
- Vicky Cristina Barcelona
- The Spirit
- The Other Boleyn Girl
- He's Just Not That Into You
- Iron Man 2
- We Bought a Zoo
- Woody Allen: A Documentary
- Hitchcock
- The Avengers
- Don Jon
- Her
- Under the Skin
- Captain America: The Winter Soldier
- Lucy
- Chef
- Avengers: Age of Ultron
- The Jungle Book
- Captain America: Civil War
- Ghost in the Shell
- Rough Night
- Avengers: Infinity War
- Captain Marvel
- Avengers: Endgame
- Marriage Story
- Jojo Rabbit
- Black Widow
- Fly Me to the Moon
- I.C.U.
- The Wolf of Wall Street
- About Time
- Focus
- Suite française
- Z for Zachariah
- The Big Short
- The Legend of Tarzan
- Suicide Squad
- Whiskey Tango Foxtrot
- I, Tonya
- Goodbye Christopher Robin
- Terminal
- Mary Queen of Scots
- Once Upon a Time in Hollywood
- Bombshell
- Dreamland
- Birds of Prey and the Fantabulous Emancipation of One Harley Quinn
- The Suicide Squad
- Amsterdam
- Babylon
- Barbie
- 37
- It
- It: Chapter Two
- Nancy Drew and the Hidden Staircase
- Gretel and Hansel
- Uncle Frank
- Dungeons & Dragons: Honor Among Thieves
- The Adults
- Bread and Roses
- Summer of Sam
- Harrison's Flowers
- Love the Hard Way
- The Affair of the Necklace
- The Pianist
- Dummy
- The Singing Detective
- The Village
- King Kong
- The Jacket
- Hollywoodland
- The Darjeeling Limited
- Manolete
- Cadillac Records
- The Brothers Bloom
- Splice
- Giallo
- Predators
- High School
- Midnight in Paris
- Wrecked
- Third Person
- Inappropriate Comedy
- American Heist
- Septembers of Shiraz
- Backtrack
- The Bombing
- Emperor
- Manhattan Night
- Bullet Head
- Clean
- Blonde
- See How They Run
- Fool's Paradise
- Ghosted
- Manodrome
- The Brutalist
- Chain of Fools
- Welcome to Hollywood
- One of the Hollywood Ten
- Auggie Rose
- Cats & Dogs
- Perfume
- Festival in Cannes
- Igby Goes Down
- Dallas 362
- Spinning Boris
- Abby Singer
- Incident at Loch Ness
- Stories of Lost Souls
- Fay Grim
- Mini's First Time
- Man of the Year
- Pittsburgh
- Adam Resurrected
- Morning Glory
- Cats & Dogs: The Revenge of Kitty Galore
- The Switch
- Tim and Eric's Billion Dollar Movie
- Le Week-End
- Unity
- Mortdecai
- Independence Day: Resurgence
- Guardians of the Galaxy Vol. 2
- Thor: Ragnarok
- Tour de Pharmacy
- Jurassic World: Fallen Kingdom
- Hotel Artemis
- Jurassic World Dominion
- Wicked
- Before Sunset
- Ladyworld
- Mainstream
- Fear Street Part 1: 1994
- Do Revenge
- Maestro
- Wildcat
- The Kill Room
- Keeping the Faith
- The Score
- Frida
- 25th Hour
- Death to Smoochy
- Red Dragon
- The Italian Job
- After the Sunset
- Kingdom of Heaven
- Down in the Valley
- The Illusionist
- The Painted Veil
- The Incredible Hulk
- Pride and Glory
- The Invention of Lying
- Leaves of Grass
- Stone
- The Dictator
- The Bourne Legacy
- Salinger
- Birdman
- Collateral Beauty
- Alita: Battle Angel
- Glass Onion: A Knives Out Mystery
- A Complete Unknown
- The Visit
- An Acceptable Loss
- Stillwater
- Ghostlight
- American Psycho
- Shadow of the Vampire
- Animal Factory
- Edges of the Lord
- Pavilion of Women
- Auto Focus
- Spider-Man
- Once Upon a Time in Mexico
- The Reckoning
- Spider-Man 2
- The Aviator
- The Clearing
- Control
- XXX: State of the Union
- Ripley Under Ground
- Manderlay
- Paris, je t'aime
- Inside Man
- American Dreamz
- Spider-Man 3
- The Walker
- Mr. Bean's Holiday
- Go Go Tales
- To Each His Own Cinema
- Anamorph
- The Dust of Time
- Fireflies in the Garden
- Antichrist
- Daybreakers
- My Son, My Son, What Have Ye Done?
- The Boondock Saints II: All Saints Day
- Cirque du Freak: The Vampire's Assistant
- Farewell
- طارق كهربااا
- A Woman
- 4:44 Last Day on Earth
- The Hunter
- Tomorrow You're Gone
- Odd Thomas
- Out of the Furnace
- Nymphomaniac
- Nymphomaniac: Volume II
- The Smile Man
- A Most Wanted Man
- Whiskey Bay
- The Fault in Our Stars
- John Wick
- Pasolini
- The Great Wall
- A Family Man
- Dog Eat Dog
- Death Note
- What Happened to Monday
- The Florida Project
- Murder on the Orient Express
- Aquaman
- At Eternity's Gate
- Vox Lux
- The Lighthouse
- Togo
- Tommaso
- The Last Thing He Wanted
- Siberia
- Sportin' Life
- Spider-Man: No Way Home
- The Card Counter
- Nightmare Alley
- Zack Snyder's Justice League
- The Northman
- Dead for a Dollar
- Spider-Man: No Way Home - The More Fun Stuff Version
- Inside
- Gonzo Girl
- Pet Shop Days
- Beetlejuice Beetlejuice
- Nosferatu
- Saturday Night
- One Night at McCool's
- City of Ghosts
- Deuces Wild
- Crash
- Employee of the Month
- Loverboy
- Herbie: Fully Loaded
- You, Me and Dupree
- Once in a Lifetime: The Extraordinary Story of the New York Cosmos
- Joe Strummer: The Future Is Unwritten
- Nothing but the Truth
- Armored
- Old Dogs
- Takers
- Girl Most Likely
- The Art of the Steal
- Sunlight Jr.
- Pawn Shop Chronicles
- Going in Style
- The House That Jack Built
- Running for Grace
- Head Full of Honey
- Proxima
- Nimic
- Capone
- American Dreamer
- Federal Protection
- The Promotion
- A Serious Man
- Grace
- Snowpiercer
- The Gambler
- The Beach
- Possible Worlds
- Vanilla Sky
- The Deep End
- Teknolust
- Adaptation
- The Statement
- Young Adam
- Broken Flowers
- The Chronicles of Narnia: The Lion, the Witch and the Wardrobe
- Constantine
- Thumbsucker
- Stephanie Daley
- Michael Clayton
- The Man from London
- Strange Culture
- The Curious Case of Benjamin Button
- The Chronicles of Narnia: Prince Caspian
- Burn After Reading
- Julia
- The Limits of Control
- The Chronicles of Narnia: The Voyage of the Dawn Treader
- We Need to Talk About Kevin
- Cinema Is Everywhere
- The Zero Theorem
- Only Lovers Left Alive
- A Bigger Splash
- Trainwreck
- Dreams Rewired
- Doctor Strange
- Letters from Baghdad
- War Machine
- Okja
- Suspiria
- Women Make Film
- The Dead Don't Die
- The Personal History of David Copperfield
- Uncut Gems
- The Souvenir
- The Souvenir Part II
- Memoria
- Three Thousand Years of Longing
- The Eternal Daughter
- The Killer
- Problemista
- The End
- The Room Next Door
- Bruce Almighty
- Anchorman: The Legend of Ron Burgundy
- Sleepover
- Melinda and Melinda
- Wake Up, Ron Burgundy: The Lost Movie
- The 40-Year-Old Virgin
- Bewitched
- Hammy's Boomerang Adventure
- Evan Almighty
- Knocked Up
- Dan in Real Life
- Stories USA
- Get Smart
- Dinner for Schmucks
- Date Night
- Crazy, Stupid, Love.
- Hope Springs
- Seeking a Friend for the End of the World
- The Way, Way Back
- Anchorman 2: The Legend Continues
- Foxcatcher
- Neighbors
- Alexander and the Terrible, Horrible, No Good, Very Bad Day
- Freeheld
- Café Society
- Battle of the Sexes
- Beautiful Boy
- Vice
- Welcome to Marwen
- Irresistible
- The Perfect Game
- Dope
- The 5th Wave
- Lowriders
- Table 19
- Spider-Man: Homecoming
- Take the 10
- Spider-Man: Far From Home
- The Sound of Silence
- Scream VI
- The Story of Us
- The Glass House
- Raise Your Voice
- The Chumscrubber
- Beautiful Ohio
- Mamma Mia!
- It's Complicated
- My Life in Ruins
- The Art of Getting By
- Jewtopia
- Brother Nature
- My Big Fat Greek Wedding 2
- Gloria Bell
- Kimi
- Joe Gould's Secret
- Hearts in Atlantis
- Final
- About Schmidt
- The Secret Lives of Dentists
- American Splendor
- The Weather Man
- The Matador
- Proof
- Duma
- The Hoax
- Infamous
- Charlie Bartlett
- The Nines
- Synecdoche, New York
- Genova
- The Lodger
- Real Steel
- The Family Tree
- Disconnect
- Louder Than Words
- Wild Card
- Rebel in the Rye
- Greenland
- Cat Person
- World Trade Center
- Quid Pro Quo
- Young Ones
- Appropriate Behavior
- River of Fundament
- Unsane
- Scream 3
- Hamlet
- The Hurricane
- Kate & Leopold
- The Sum of All Fears
- Broadway: The Golden Age, by the Legends Who Were There
- The Manchurian Candidate
- The Omen
- Sea Monsters: A Prehistoric Adventure
- The Ten
- Love in the Time of Cholera
- Constantine's Sword
- Chicago 10
- Defiance
- X-Men Origins: Wolverine
- Taking Woodstock
- Salt
- Repo Men
- Every Day
- Goon
- The Reluctant Fundamentalist
- Mental
- Movie 43
- The Butler
- The Last Days on Mars
- Money for Nothing: Inside the Federal Reserve
- A Perfect Man
- Pawn Sacrifice
- Spotlight
- Creed
- Goon: Last of the Enforcers
- Chuck
- A Rainy Day in New York
- Across the River and Into the Trees
- Golda
- Rushmore
- Slackers
- S1m0ne
- Spun
- I Heart Huckabees
- The Hitchhiker's Guide to the Galaxy
- Shopgirl
- Marie Antoinette
- Walk Hard: The Dewey Cox Story
- Funny People
- The Marc Pease Experience
- Scott Pilgrim vs. the World
- Fight for Your Right Revisited
- A Glimpse Inside the Mind of Charles Swan III
- Cousin Ben Troop Screening with Jason Schwartzman
- She's Funny That Way
- Listen Up Philip
- 7 Chinese Brothers
- My Entire High School Sinking Into the Sea
- Golden Exits
- The Polka King
- Wine Country
- Between Two Ferns: The Movie
- The Hunger Games: The Ballad of Songbirds and Snakes
- Quiz Lady
- Megalopolis
- Queer
- Between the Temples
- Welcome to Acapulco
- The Libertine
- Pride & Prejudice
- Mrs. Palfrey at the Claremont
- The Last Legion
- Virgin Territory
- Outlaw
- The Moon and the Stars
- The Boy in the Striped Pajamas
- Jolene
- The Young Victoria
- Chéri
- Lullaby for Pi
- The Kid
- 5 Days of War
- To Write Love on Her Arms
- Starred Up
- Meet Me in Montenegro
- Hitman: Agent 47
- The Death of Stalin
- A Simple Favor
- Infinite
- Separation
- Last Looks
- Canary Black
- The American Society of Magical Negroes
- Shaft
- Crime and Punishment in Suburbia
- Ali
- Ride with the Devil
- Boycott
- D-Tox
- Syriana
- Casino Royale
- The Invasion
- Quantum of Solace
- W.
- Source Code
- The Ides of March
- Broken City
- A Single Shot
- The Inevitable Defeat of Mister & Pete
- The Hunger Games: Mockingjay – Part 1
- Hold the Dark
- Game Night
- The Goldfinch
- The Laundromat
- All Day & A Night
- No Time to Die
- The Batman
- Rustin
- American Fiction
- Live Forever: The Rise and Fall of Brit Pop
- Harry Potter and the Goblet of Fire
671
Time to crawl: 2.02035s
